2025-06-04 16:16:17 - INFO - [apurvmalviya27@gmail.com] - User logged out.
2025-06-04 17:21:32 - INFO - [apurvmalviya27@gmail.com] - Login successful. IP: 127.0.0.1
2025-06-08 16:33:30 - INFO - [apurvmalviya27@gmail.com] - User logged out.
2025-06-08 16:34:57 - INFO - [apurvmalviya27@gmail.com] - Login successful. IP: 127.0.0.1
2025-06-09 16:25:58 - INFO - [apurvmalviya27@gmail.com] - User logged out.
2025-06-09 16:26:09 - INFO - [apurvmalviya27@gmail.com] - Login successful. IP: 127.0.0.1
2025-06-09 16:26:20 - INFO - [apurvmalviya27@gmail.com] - User logged out.
2025-06-10 16:18:36 - INFO - [apurvmalviya27@gmail.com] - Login successful. IP: 127.0.0.1
2025-06-11 15:31:36 - INFO - [apurvmalviya27@gmail.com] - User logged out.
2025-06-11 15:33:08 - INFO - [apurvmalviya27@gmail.com] - Login successful. IP: 127.0.0.1
2025-06-11 16:47:52 - INFO - [apurvmalviya27@gmail.com] - User logged out.
2025-06-11 17:56:53 - INFO - [apurvmalviya27@gmail.com] - Login successful. IP: 127.0.0.1
2025-06-11 18:10:39 - INFO - [apurvmalviya27@gmail.com] - User logged out.
2025-06-11 18:17:23 - INFO - [apurvmalviya27@gmail.com] - Login successful. IP: 127.0.0.1
2025-06-12 15:54:09 - INFO - [apurvmalviya27@gmail.com] - Login successful. IP: 127.0.0.1
2025-06-12 15:58:18 - INFO - [apurvmalviya27@gmail.com] - Accessed Project History of Drake Williamson.
2025-06-12 15:59:05 - INFO - [apurvmalviya27@gmail.com] - Accessed Project History of Drake Williamson.
2025-06-12 15:59:08 - INFO - [apurvmalviya27@gmail.com] - Accessed Project History of Drake Williamson.
2025-06-12 15:59:19 - INFO - [apurvmalviya27@gmail.com] - Accessed Project History of Hotel Management Program 2025.
2025-06-12 15:59:51 - INFO - [apurvmalviya27@gmail.com] - Accessed Project History of Hotel Management Program 2025.
2025-06-12 16:00:06 - INFO - [apurvmalviya27@gmail.com] - Accessed Project History of Hotel Management Program 2025.
2025-06-12 16:00:15 - INFO - [apurvmalviya27@gmail.com] - Accessed Project History of CH Furniture Client project.
2025-06-12 16:00:50 - INFO - [apurvmalviya27@gmail.com] - Accessed Project History of Tara Vasquez.
2025-06-12 16:00:56 - INFO - [apurvmalviya27@gmail.com] - Accessed Project History of Tara Vasquez.
2025-06-12 16:28:08 - INFO - [apurvmalviya27@gmail.com] - User logged out.
2025-06-12 16:42:08 - INFO - [apurvmalviya27@gmail.com] - Incorrect password. 2 attempt(s) remaining. IP: 127.0.0.1
2025-06-12 16:42:19 - INFO - [apurvmalviya27@gmail.com] - Login successful. IP: 127.0.0.1
2025-06-12 17:03:07 - INFO - [apurvmalviya27@gmail.com] - Accessed Project History of Drake Williamson.
2025-06-12 17:18:11 - INFO - [apurvmalviya27@gmail.com] - Project Drake Williamson history updated
2025-06-12 17:18:11 - INFO - [apurvmalviya27@gmail.com] - Project Drake Williamson accessed or modified.
2025-06-12 17:18:11 - INFO - [apurvmalviya27@gmail.com] - Project Drake Williamson Updated
2025-06-12 17:23:31 - INFO - [apurvmalviya27@gmail.com] - Project Kay Wolf history updated
2025-06-12 17:23:31 - INFO - [apurvmalviya27@gmail.com] - Project Kay Wolf accessed or modified.
2025-06-12 17:23:31 - INFO - [apurvmalviya27@gmail.com] - Project Kay Wolf Updated
2025-06-12 17:23:42 - INFO - [apurvmalviya27@gmail.com] - Accessed Project History of Kay Wolf.
2025-06-12 17:33:45 - INFO - [apurvmalviya27@gmail.com] - Project Nicholas Howess history updated
2025-06-12 17:33:45 - INFO - [apurvmalviya27@gmail.com] - Project Nicholas Howess accessed or modified.
2025-06-12 17:33:45 - INFO - [apurvmalviya27@gmail.com] - Project Nicholas Howess Updated
2025-06-12 17:33:57 - INFO - [apurvmalviya27@gmail.com] - Project Kay Wolf history updated
2025-06-12 17:33:57 - INFO - [apurvmalviya27@gmail.com] - Project Kay Wolf accessed or modified.
2025-06-12 17:33:57 - INFO - [apurvmalviya27@gmail.com] - Project Kay Wolf Updated
2025-06-12 17:34:06 - INFO - [apurvmalviya27@gmail.com] - Project CH Furniture Client project history updated
2025-06-12 17:34:06 - INFO - [apurvmalviya27@gmail.com] - Project CH Furniture Client project accessed or modified.
2025-06-12 17:34:06 - INFO - [apurvmalviya27@gmail.com] - Project CH Furniture Client project Updated
2025-06-12 18:05:46 - INFO - [apurvmalviya27@gmail.com] - Accessed Project History of Kay Wolf.
2025-06-12 18:05:54 - INFO - [apurvmalviya27@gmail.com] - Accessed Project History of Drake Williamson.
2025-06-12 18:06:35 - INFO - [apurvmalviya27@gmail.com] - Accessed Project History of Drake Williamson.
2025-06-13 11:38:24 - INFO - [apurvmalviya27@gmail.com] - Accessed Project History of Drake Williamson.
2025-06-13 11:38:51 - INFO - [apurvmalviya27@gmail.com] - Accessed Project History of Hotel Management Program 2025.
2025-06-13 11:38:59 - INFO - [apurvmalviya27@gmail.com] - Accessed Project History of Tara Vasquez.
2025-06-13 11:39:17 - INFO - [apurvmalviya27@gmail.com] - Accessed Project History of Nicholas Howess.
2025-06-13 11:39:33 - INFO - [apurvmalviya27@gmail.com] - Project Nicholas Howess history updated
2025-06-13 11:39:33 - INFO - [apurvmalviya27@gmail.com] - Project Nicholas Howess accessed or modified.
2025-06-13 11:39:33 - INFO - [apurvmalviya27@gmail.com] - Project Nicholas Howess Updated
2025-06-13 11:39:41 - INFO - [apurvmalviya27@gmail.com] - Accessed Project History of Nicholas Howess.
2025-06-13 11:57:17 - INFO - [apurvmalviya27@gmail.com] - User logged out.
